# JRE version: OpenJDK Runtime Environment (8.0_242-b01) (build 1.8.0_242-release-1644-b01)
# Java VM: OpenJDK 64-Bit Server VM (25.242-b01 mixed mode windows-amd64 compressed oops)
Heap:
 PSYoungGen      total 209920K, used 128376K [0x00000000d5580000, 0x00000000e4600000, 0x0000000100000000)
  eden space 188416K, 60% used [0x00000000d5580000,0x00000000dc54b578,0x00000000e0d80000)
  from space 21504K, 64% used [0x00000000e0d80000,0x00000000e1b12d88,0x00000000e2280000)
  to   space 21504K, 0% used [0x00000000e2280000,0x00000000e2280000,0x00000000e3780000)
 ParOldGen       total 214528K, used 14766K [0x0000000080000000, 0x000000008d180000, 0x00000000d5580000)
  object space 214528K, 6% used [0x0000000080000000,0x0000000080e6b9d0,0x000000008d180000)
 Metaspace       used 53992K, capacity 56230K, committed 56488K, reserved 1097728K
  class space    used 7350K, capacity 7811K, committed 7856K, reserved 1048576K
GC Heap History (10 events):
Event: 1.814 GC heap before
{Heap before GC invocations=3 (full 1):
 PSYoungGen      total 152576K, used 13878K [0x00000000d5580000, 0x00000000dff80000, 0x0000000100000000)
  eden space 131072K, 0% used [0x00000000d5580000,0x00000000d5580000,0x00000000dd580000)
  from space 21504K, 64% used [0x00000000dea80000,0x00000000df80d9b8,0x00000000dff80000)
  to   space 21504K, 0% used [0x00000000dd580000,0x00000000dd580000,0x00000000dea80000)
 ParOldGen       total 348160K, used 24K [0x0000000080000000, 0x0000000095400000, 0x00000000d5580000)
  object space 348160K, 0% used [0x0000000080000000,0x0000000080006000,0x0000000095400000)
 Metaspace       used 20598K, capacity 21224K, committed 21296K, reserved 1067008K
  class space    used 2879K, capacity 3076K, committed 3120K, reserved 1048576K
Event: 1.836 GC heap after
Heap after GC invocations=3 (full 1):
 PSYoungGen      total 152576K, used 0K [0x00000000d5580000, 0x00000000dff80000, 0x0000000100000000)
  eden space 131072K, 0% used [0x00000000d5580000,0x00000000d5580000,0x00000000dd580000)
  from space 21504K, 0% used [0x00000000dea80000,0x00000000dea80000,0x00000000dff80000)
  to   space 21504K, 0% used [0x00000000dd580000,0x00000000dd580000,0x00000000dea80000)
 ParOldGen       total 214528K, used 13290K [0x0000000080000000, 0x000000008d180000, 0x00000000d5580000)
  object space 214528K, 6% used [0x0000000080000000,0x0000000080cfaa28,0x000000008d180000)
 Metaspace       used 20598K, capacity 21224K, committed 21296K, reserved 1067008K
  class space    used 2879K, capacity 3076K, committed 3120K, reserved 1048576K
}
Event: 2.682 GC heap before
{Heap before GC invocations=4 (full 1):
 PSYoungGen      total 152576K, used 131072K [0x00000000d5580000, 0x00000000dff80000, 0x0000000100000000)
  eden space 131072K, 100% used [0x00000000d5580000,0x00000000dd580000,0x00000000dd580000)
  from space 21504K, 0% used [0x00000000dea80000,0x00000000dea80000,0x00000000dff80000)
  to   space 21504K, 0% used [0x00000000dd580000,0x00000000dd580000,0x00000000dea80000)
 ParOldGen       total 214528K, used 13290K [0x0000000080000000, 0x000000008d180000, 0x00000000d5580000)
  object space 214528K, 6% used [0x0000000080000000,0x0000000080cfaa28,0x000000008d180000)
 Metaspace       used 32762K, capacity 33796K, committed 33968K, reserved 1079296K
  class space    used 4480K, capacity 4750K, committed 4784K, reserved 1048576K
Event: 2.688 GC heap after
Heap after GC invocations=4 (full 1):
 PSYoungGen      total 152576K, used 14256K [0x00000000d5580000, 0x00000000e3780000, 0x0000000100000000)
  eden space 131072K, 0% used [0x00000000d5580000,0x00000000d5580000,0x00000000dd580000)
  from space 21504K, 66% used [0x00000000dd580000,0x00000000de36c120,0x00000000dea80000)
  to   space 21504K, 0% used [0x00000000e2280000,0x00000000e2280000,0x00000000e3780000)
 ParOldGen       total 214528K, used 13298K [0x0000000080000000, 0x000000008d180000, 0x00000000d5580000)
  object space 214528K, 6% used [0x0000000080000000,0x0000000080cfca28,0x000000008d180000)
 Metaspace       used 32762K, capacity 33796K, committed 33968K, reserved 1079296K
  class space    used 4480K, capacity 4750K, committed 4784K, reserved 1048576K
}
Event: 2.815 GC heap before
{Heap before GC invocations=5 (full 1):
 PSYoungGen      total 152576K, used 45694K [0x00000000d5580000, 0x00000000e3780000, 0x0000000100000000)
  eden space 131072K, 23% used [0x00000000d5580000,0x00000000d7433a78,0x00000000dd580000)
  from space 21504K, 66% used [0x00000000dd580000,0x00000000de36c120,0x00000000dea80000)
  to   space 21504K, 0% used [0x00000000e2280000,0x00000000e2280000,0x00000000e3780000)
 ParOldGen       total 214528K, used 13298K [0x0000000080000000, 0x000000008d180000, 0x00000000d5580000)
  object space 214528K, 6% used [0x0000000080000000,0x0000000080cfca28,0x000000008d180000)
 Metaspace       used 34287K, capacity 35414K, committed 35496K, reserved 1079296K
  class space    used 4721K, capacity 5002K, committed 5040K, reserved 1048576K
Event: 2.819 GC heap after
Heap after GC invocations=5 (full 1):
 PSYoungGen      total 209920K, used 8154K [0x00000000d5580000, 0x00000000e4600000, 0x0000000100000000)
  eden space 188416K, 0% used [0x00000000d5580000,0x00000000d5580000,0x00000000e0d80000)
  from space 21504K, 37% used [0x00000000e2280000,0x00000000e2a76ae8,0x00000000e3780000)
  to   space 21504K, 0% used [0x00000000e0d80000,0x00000000e0d80000,0x00000000e2280000)
 ParOldGen       total 214528K, used 13306K [0x0000000080000000, 0x000000008d180000, 0x00000000d5580000)
  object space 214528K, 6% used [0x0000000080000000,0x0000000080cfea28,0x000000008d180000)
 Metaspace       used 34287K, capacity 35414K, committed 35496K, reserved 1079296K
  class space    used 4721K, capacity 5002K, committed 5040K, reserved 1048576K
}
Event: 2.819 GC heap before
{Heap before GC invocations=6 (full 2):
 PSYoungGen      total 209920K, used 8154K [0x00000000d5580000, 0x00000000e4600000, 0x0000000100000000)
  eden space 188416K, 0% used [0x00000000d5580000,0x00000000d5580000,0x00000000e0d80000)
  from space 21504K, 37% used [0x00000000e2280000,0x00000000e2a76ae8,0x00000000e3780000)
  to   space 21504K, 0% used [0x00000000e0d80000,0x00000000e0d80000,0x00000000e2280000)
 ParOldGen       total 214528K, used 13306K [0x0000000080000000, 0x000000008d180000, 0x00000000d5580000)
  object space 214528K, 6% used [0x0000000080000000,0x0000000080cfea28,0x000000008d180000)
 Metaspace       used 34287K, capacity 35414K, committed 35496K, reserved 1079296K
  class space    used 4721K, capacity 5002K, committed 5040K, reserved 1048576K
Event: 2.846 GC heap after
Heap after GC invocations=6 (full 2):
 PSYoungGen      total 209920K, used 0K [0x00000000d5580000, 0x00000000e4600000, 0x0000000100000000)
  eden space 188416K, 0% used [0x00000000d5580000,0x00000000d5580000,0x00000000e0d80000)
  from space 21504K, 0% used [0x00000000e2280000,0x00000000e2280000,0x00000000e3780000)
  to   space 21504K, 0% used [0x00000000e0d80000,0x00000000e0d80000,0x00000000e2280000)
 ParOldGen       total 214528K, used 14758K [0x0000000080000000, 0x000000008d180000, 0x00000000d5580000)
  object space 214528K, 6% used [0x0000000080000000,0x0000000080e699d0,0x000000008d180000)
 Metaspace       used 34287K, capacity 35414K, committed 35496K, reserved 1079296K
  class space    used 4721K, capacity 5002K, committed 5040K, reserved 1048576K
}
Event: 3.774 GC heap before
{Heap before GC invocations=7 (full 2):
 PSYoungGen      total 209920K, used 188416K [0x00000000d5580000, 0x00000000e4600000, 0x0000000100000000)
  eden space 188416K, 100% used [0x00000000d5580000,0x00000000e0d80000,0x00000000e0d80000)
  from space 21504K, 0% used [0x00000000e2280000,0x00000000e2280000,0x00000000e3780000)
  to   space 21504K, 0% used [0x00000000e0d80000,0x00000000e0d80000,0x00000000e2280000)
 ParOldGen       total 214528K, used 14758K [0x0000000080000000, 0x000000008d180000, 0x00000000d5580000)
  object space 214528K, 6% used [0x0000000080000000,0x0000000080e699d0,0x000000008d180000)
 Metaspace       used 44471K, capacity 46344K, committed 46632K, reserved 1089536K
  class space    used 6054K, capacity 6416K, committed 6448K, reserved 1048576K
Event: 3.783 GC heap after
Heap after GC invocations=7 (full 2):
 PSYoungGen      total 209920K, used 13899K [0x00000000d5580000, 0x00000000e4600000, 0x0000000100000000)
  eden space 188416K, 0% used [0x00000000d5580000,0x00000000d5580000,0x00000000e0d80000)
  from space 21504K, 64% used [0x00000000e0d80000,0x00000000e1b12d88,0x00000000e2280000)
  to   space 21504K, 0% used [0x00000000e2280000,0x00000000e2280000,0x00000000e3780000)
 ParOldGen       total 214528K, used 14766K [0x0000000080000000, 0x000000008d180000, 0x00000000d5580000)
  object space 214528K, 6% used [0x0000000080000000,0x0000000080e6b9d0,0x000000008d180000)
 Metaspace       used 44471K, capacity 46344K, committed 46632K, reserved 1089536K
  class space    used 6054K, capacity 6416K, committed 6448K, reserved 1048576K
}

