# JRE version: OpenJDK Runtime Environment (8.0_242-b01) (build 1.8.0_242-release-1644-b01)
# Java VM: OpenJDK 64-Bit Server VM (25.242-b01 mixed mode windows-amd64 compressed oops)
Heap:
 PSYoungGen      total 213504K, used 127343K [0x00000000d5580000, 0x00000000e4800000, 0x0000000100000000)
  eden space 192000K, 58% used [0x00000000d5580000,0x00000000dc32e170,0x00000000e1100000)
  from space 21504K, 69% used [0x00000000e1100000,0x00000000e1fadc60,0x00000000e2600000)
  to   space 21504K, 0% used [0x00000000e2600000,0x00000000e2600000,0x00000000e3b00000)
 ParOldGen       total 214016K, used 14764K [0x0000000080000000, 0x000000008d100000, 0x00000000d5580000)
  object space 214016K, 6% used [0x0000000080000000,0x0000000080e6b010,0x000000008d100000)
 Metaspace       used 53865K, capacity 56052K, committed 56232K, reserved 1097728K
  class space    used 7324K, capacity 7776K, committed 7856K, reserved 1048576K
GC Heap History (10 events):
Event: 2.049 GC heap before
{Heap before GC invocations=3 (full 1):
 PSYoungGen      total 152576K, used 13868K [0x00000000d5580000, 0x00000000dff80000, 0x0000000100000000)
  eden space 131072K, 0% used [0x00000000d5580000,0x00000000d5580000,0x00000000dd580000)
  from space 21504K, 64% used [0x00000000dea80000,0x00000000df80b128,0x00000000dff80000)
  to   space 21504K, 0% used [0x00000000dd580000,0x00000000dd580000,0x00000000dea80000)
 ParOldGen       total 348160K, used 24K [0x0000000080000000, 0x0000000095400000, 0x00000000d5580000)
  object space 348160K, 0% used [0x0000000080000000,0x0000000080006000,0x0000000095400000)
 Metaspace       used 20597K, capacity 21224K, committed 21296K, reserved 1067008K
  class space    used 2878K, capacity 3076K, committed 3120K, reserved 1048576K
Event: 2.072 GC heap after
Heap after GC invocations=3 (full 1):
 PSYoungGen      total 152576K, used 0K [0x00000000d5580000, 0x00000000dff80000, 0x0000000100000000)
  eden space 131072K, 0% used [0x00000000d5580000,0x00000000d5580000,0x00000000dd580000)
  from space 21504K, 0% used [0x00000000dea80000,0x00000000dea80000,0x00000000dff80000)
  to   space 21504K, 0% used [0x00000000dd580000,0x00000000dd580000,0x00000000dea80000)
 ParOldGen       total 214016K, used 13289K [0x0000000080000000, 0x000000008d100000, 0x00000000d5580000)
  object space 214016K, 6% used [0x0000000080000000,0x0000000080cfa6b0,0x000000008d100000)
 Metaspace       used 20597K, capacity 21224K, committed 21296K, reserved 1067008K
  class space    used 2878K, capacity 3076K, committed 3120K, reserved 1048576K
}
Event: 2.759 GC heap before
{Heap before GC invocations=4 (full 1):
 PSYoungGen      total 152576K, used 131072K [0x00000000d5580000, 0x00000000dff80000, 0x0000000100000000)
  eden space 131072K, 100% used [0x00000000d5580000,0x00000000dd580000,0x00000000dd580000)
  from space 21504K, 0% used [0x00000000dea80000,0x00000000dea80000,0x00000000dff80000)
  to   space 21504K, 0% used [0x00000000dd580000,0x00000000dd580000,0x00000000dea80000)
 ParOldGen       total 214016K, used 13289K [0x0000000080000000, 0x000000008d100000, 0x00000000d5580000)
  object space 214016K, 6% used [0x0000000080000000,0x0000000080cfa6b0,0x000000008d100000)
 Metaspace       used 32769K, capacity 33796K, committed 33968K, reserved 1079296K
  class space    used 4479K, capacity 4750K, committed 4784K, reserved 1048576K
Event: 2.765 GC heap after
Heap after GC invocations=4 (full 1):
 PSYoungGen      total 152576K, used 14196K [0x00000000d5580000, 0x00000000e3b00000, 0x0000000100000000)
  eden space 131072K, 0% used [0x00000000d5580000,0x00000000d5580000,0x00000000dd580000)
  from space 21504K, 66% used [0x00000000dd580000,0x00000000de35d2e8,0x00000000dea80000)
  to   space 21504K, 0% used [0x00000000e2600000,0x00000000e2600000,0x00000000e3b00000)
 ParOldGen       total 214016K, used 13297K [0x0000000080000000, 0x000000008d100000, 0x00000000d5580000)
  object space 214016K, 6% used [0x0000000080000000,0x0000000080cfc6b0,0x000000008d100000)
 Metaspace       used 32769K, capacity 33796K, committed 33968K, reserved 1079296K
  class space    used 4479K, capacity 4750K, committed 4784K, reserved 1048576K
}
Event: 2.891 GC heap before
{Heap before GC invocations=5 (full 1):
 PSYoungGen      total 152576K, used 45638K [0x00000000d5580000, 0x00000000e3b00000, 0x0000000100000000)
  eden space 131072K, 23% used [0x00000000d5580000,0x00000000d7434690,0x00000000dd580000)
  from space 21504K, 66% used [0x00000000dd580000,0x00000000de35d2e8,0x00000000dea80000)
  to   space 21504K, 0% used [0x00000000e2600000,0x00000000e2600000,0x00000000e3b00000)
 ParOldGen       total 214016K, used 13297K [0x0000000080000000, 0x000000008d100000, 0x00000000d5580000)
  object space 214016K, 6% used [0x0000000080000000,0x0000000080cfc6b0,0x000000008d100000)
 Metaspace       used 34294K, capacity 35414K, committed 35496K, reserved 1079296K
  class space    used 4719K, capacity 5002K, committed 5040K, reserved 1048576K
Event: 2.894 GC heap after
Heap after GC invocations=5 (full 1):
 PSYoungGen      total 213504K, used 8184K [0x00000000d5580000, 0x00000000e4800000, 0x0000000100000000)
  eden space 192000K, 0% used [0x00000000d5580000,0x00000000d5580000,0x00000000e1100000)
  from space 21504K, 38% used [0x00000000e2600000,0x00000000e2dfe1a0,0x00000000e3b00000)
  to   space 21504K, 0% used [0x00000000e1100000,0x00000000e1100000,0x00000000e2600000)
 ParOldGen       total 214016K, used 13305K [0x0000000080000000, 0x000000008d100000, 0x00000000d5580000)
  object space 214016K, 6% used [0x0000000080000000,0x0000000080cfe6b0,0x000000008d100000)
 Metaspace       used 34294K, capacity 35414K, committed 35496K, reserved 1079296K
  class space    used 4719K, capacity 5002K, committed 5040K, reserved 1048576K
}
Event: 2.894 GC heap before
{Heap before GC invocations=6 (full 2):
 PSYoungGen      total 213504K, used 8184K [0x00000000d5580000, 0x00000000e4800000, 0x0000000100000000)
  eden space 192000K, 0% used [0x00000000d5580000,0x00000000d5580000,0x00000000e1100000)
  from space 21504K, 38% used [0x00000000e2600000,0x00000000e2dfe1a0,0x00000000e3b00000)
  to   space 21504K, 0% used [0x00000000e1100000,0x00000000e1100000,0x00000000e2600000)
 ParOldGen       total 214016K, used 13305K [0x0000000080000000, 0x000000008d100000, 0x00000000d5580000)
  object space 214016K, 6% used [0x0000000080000000,0x0000000080cfe6b0,0x000000008d100000)
 Metaspace       used 34294K, capacity 35414K, committed 35496K, reserved 1079296K
  class space    used 4719K, capacity 5002K, committed 5040K, reserved 1048576K
Event: 2.920 GC heap after
Heap after GC invocations=6 (full 2):
 PSYoungGen      total 213504K, used 0K [0x00000000d5580000, 0x00000000e4800000, 0x0000000100000000)
  eden space 192000K, 0% used [0x00000000d5580000,0x00000000d5580000,0x00000000e1100000)
  from space 21504K, 0% used [0x00000000e2600000,0x00000000e2600000,0x00000000e3b00000)
  to   space 21504K, 0% used [0x00000000e1100000,0x00000000e1100000,0x00000000e2600000)
 ParOldGen       total 214016K, used 14756K [0x0000000080000000, 0x000000008d100000, 0x00000000d5580000)
  object space 214016K, 6% used [0x0000000080000000,0x0000000080e69010,0x000000008d100000)
 Metaspace       used 34294K, capacity 35414K, committed 35496K, reserved 1079296K
  class space    used 4719K, capacity 5002K, committed 5040K, reserved 1048576K
}
Event: 3.747 GC heap before
{Heap before GC invocations=7 (full 2):
 PSYoungGen      total 213504K, used 192000K [0x00000000d5580000, 0x00000000e4800000, 0x0000000100000000)
  eden space 192000K, 100% used [0x00000000d5580000,0x00000000e1100000,0x00000000e1100000)
  from space 21504K, 0% used [0x00000000e2600000,0x00000000e2600000,0x00000000e3b00000)
  to   space 21504K, 0% used [0x00000000e1100000,0x00000000e1100000,0x00000000e2600000)
 ParOldGen       total 214016K, used 14756K [0x0000000080000000, 0x000000008d100000, 0x00000000d5580000)
  object space 214016K, 6% used [0x0000000080000000,0x0000000080e69010,0x000000008d100000)
 Metaspace       used 45393K, capacity 47258K, committed 47528K, reserved 1089536K
  class space    used 6152K, capacity 6511K, committed 6576K, reserved 1048576K
Event: 3.755 GC heap after
Heap after GC invocations=7 (full 2):
 PSYoungGen      total 213504K, used 15031K [0x00000000d5580000, 0x00000000e4800000, 0x0000000100000000)
  eden space 192000K, 0% used [0x00000000d5580000,0x00000000d5580000,0x00000000e1100000)
  from space 21504K, 69% used [0x00000000e1100000,0x00000000e1fadc60,0x00000000e2600000)
  to   space 21504K, 0% used [0x00000000e2600000,0x00000000e2600000,0x00000000e3b00000)
 ParOldGen       total 214016K, used 14764K [0x0000000080000000, 0x000000008d100000, 0x00000000d5580000)
  object space 214016K, 6% used [0x0000000080000000,0x0000000080e6b010,0x000000008d100000)
 Metaspace       used 45393K, capacity 47258K, committed 47528K, reserved 1089536K
  class space    used 6152K, capacity 6511K, committed 6576K, reserved 1048576K
}

